{
  "RSpec": {
    "coverage": {
      "/Users/taonhu/Project/Study/coderschool/CoderTicket/app/controllers/orders_controller.rb": [
        1,
        1,
        1,
        0,
        null,
        null,
        1,
        null,
        null,
        1,
        0,
        0,
        null,
        0,
        0,
        0,
        null,
        0,
        0,
        0,
        null,
        null,
        0,
        0,
        null,
        null,
        0,
        null,
        null,
        1,
        null,
        null,
        1,
        null,
        null
      ],
      "/Users/taonhu/Project/Study/coderschool/CoderTicket/app/controllers/application_controller.rb": [
        1,
        null,
        null,
        1,
        1,
        null,
        1,
        null,
        1,
        4,
        3,
        3,
        null,
        null,
        null,
        1,
        13,
        0,
        null,
        null,
        null,
        1,
        45,
        null,
        null,
        1,
        57,
        52,
        5,
        null,
        null,
        null,
        null
      ],
      "/Users/taonhu/Project/Study/coderschool/CoderTicket/app/controllers/sessions_controller.rb": [
        1,
        1,
        null,
        1,
        null,
        null,
        1,
        5,
        3,
        2,
        2,
        2,
        null,
        1,
        1,
        null,
        null,
        2,
        2,
        2,
        null,
        null,
        null,
        1,
        0,
        0,
        0,
        null,
        null
      ],
      "/Users/taonhu/Project/Study/coderschool/CoderTicket/app/controllers/ticket_types_controller.rb": [
        1,
        1,
        null,
        null,
        1,
        1,
        null,
        null,
        1,
        1,
        0,
        0,
        0,
        0,
        0,
        null,
        0,
        0,
        null,
        null,
        null,
        1,
        null,
        1,
        1,
        null,
        null
      ],
      "/Users/taonhu/Project/Study/coderschool/CoderTicket/app/controllers/users_controller.rb": [
        1,
        1,
        1,
        null,
        1,
        0,
        null,
        null,
        1,
        5,
        null,
        null,
        1,
        5,
        5,
        1,
        null,
        4,
        null,
        null,
        null,
        null,
        1,
        null,
        1,
        5,
        null,
        null
      ],
      "/Users/taonhu/Project/Study/coderschool/CoderTicket/app/controllers/venues_controller.rb": [
        1,
        1,
        1,
        null,
        null,
        1,
        1,
        1,
        null,
        null,
        1,
        1,
        0,
        0,
        0,
        null,
        0,
        0,
        null,
        null,
        null,
        1,
        1,
        1,
        null,
        null
      ],
      "/Users/taonhu/Project/Study/coderschool/CoderTicket/app/models/event.rb": [
        1,
        1,
        1,
        1,
        1,
        null,
        1,
        1,
        null,
        1,
        7,
        null,
        null,
        1,
        1,
        null,
        null
      ],
      "/Users/taonhu/Project/Study/coderschool/CoderTicket/app/models/order_item.rb": [
        1,
        1,
        1,
        null
      ],
      "/Users/taonhu/Project/Study/coderschool/CoderTicket/app/models/application_record.rb": [
        1,
        1,
        null
      ],
      "/Users/taonhu/Project/Study/coderschool/CoderTicket/app/models/order.rb": [
        1,
        1,
        1,
        null
      ],
      "/Users/taonhu/Project/Study/coderschool/CoderTicket/app/models/user.rb": [
        1,
        1,
        1,
        1,
        1,
        null
      ],
      "/Users/taonhu/Project/Study/coderschool/CoderTicket/app/models/ticket_type.rb": [
        1,
        1,
        null
      ],
      "/Users/taonhu/Project/Study/coderschool/CoderTicket/app/models/venue.rb": [
        1,
        1,
        1,
        null
      ],
      "/Users/taonhu/Project/Study/coderschool/CoderTicket/app/models/region.rb": [
        1,
        1,
        1,
        null
      ],
      "/Users/taonhu/Project/Study/coderschool/CoderTicket/app/models/category.rb": [
        1,
        1,
        1,
        null
      ],
      "/Users/taonhu/Project/Study/coderschool/CoderTicket/app/controllers/events_controller.rb": [
        1,
        1,
        1,
        null,
        1,
        6,
        6,
        0,
        null,
        6,
        null,
        null,
        null,
        1,
        3,
        null,
        null,
        1,
        0,
        0,
        0,
        null,
        null,
        1,
        0,
        0,
        0,
        null,
        0,
        0,
        0,
        0,
        null,
        0,
        null,
        null,
        null,
        1,
        0,
        0,
        null,
        0,
        null,
        0,
        0,
        null,
        null,
        0,
        0,
        null,
        0,
        null,
        null,
        0,
        null,
        null,
        1,
        0,
        null,
        null,
        1,
        0,
        0,
        0,
        null,
        null,
        1,
        0,
        0,
        0,
        0,
        null,
        0,
        null,
        null,
        null,
        1,
        1,
        0,
        null,
        null,
        1,
        0,
        0,
        null,
        0,
        0,
        null,
        null,
        null
      ],
      "/Users/taonhu/Project/Study/coderschool/CoderTicket/app/controllers/tickets_controller.rb": [
        1,
        1,
        1,
        1,
        null,
        null,
        null
      ],
      "/Users/taonhu/Project/Study/coderschool/CoderTicket/app/helpers/application_helper.rb": [
        0,
        0,
        0,
        0,
        0,
        0,
        0,
        0,
        0,
        0,
        0,
        0,
        0
      ],
      "/Users/taonhu/Project/Study/coderschool/CoderTicket/app/helpers/events_helper.rb": [
        0,
        0,
        0,
        0,
        0
      ],
      "/Users/taonhu/Project/Study/coderschool/CoderTicket/app/helpers/orders_helper.rb": [
        0,
        0
      ],
      "/Users/taonhu/Project/Study/coderschool/CoderTicket/app/helpers/sessions_helper.rb": [
        0,
        0
      ],
      "/Users/taonhu/Project/Study/coderschool/CoderTicket/app/helpers/ticket_types_helper.rb": [
        0,
        0
      ],
      "/Users/taonhu/Project/Study/coderschool/CoderTicket/app/helpers/tickets_helper.rb": [
        0,
        0
      ],
      "/Users/taonhu/Project/Study/coderschool/CoderTicket/app/helpers/users_helper.rb": [
        0,
        0
      ],
      "/Users/taonhu/Project/Study/coderschool/CoderTicket/app/helpers/venues_helper.rb": [
        0,
        0
      ]
    },
    "timestamp": 1477747617
  }
}
