{
  "RSpec": {
    "coverage": {
      "/Users/taonhu/Project/Study/coderschool/CoderTicket/app/models/event.rb": [
        1,
        1,
        1,
        1,
        null,
        1,
        1,
        null,
        1,
        1,
        null,
        null
      ],
      "/Users/taonhu/Project/Study/coderschool/CoderTicket/app/models/venue.rb": [
        1,
        1,
        1,
        null
      ],
      "/Users/taonhu/Project/Study/coderschool/CoderTicket/app/models/category.rb": [
        1,
        1,
        1,
        null
      ],
      "/Users/taonhu/Project/Study/coderschool/CoderTicket/app/controllers/application_controller.rb": [
        0,
        0,
        0,
        0,
        0
      ],
      "/Users/taonhu/Project/Study/coderschool/CoderTicket/app/controllers/events_controller.rb": [
        0,
        0,
        0,
        0,
        0,
        0,
        0,
        0,
        0
      ],
      "/Users/taonhu/Project/Study/coderschool/CoderTicket/app/controllers/tickets_controller.rb": [
        0,
        0,
        0,
        0,
        0
      ],
      "/Users/taonhu/Project/Study/coderschool/CoderTicket/app/helpers/application_helper.rb": [
        0,
        0
      ],
      "/Users/taonhu/Project/Study/coderschool/CoderTicket/app/helpers/events_helper.rb": [
        0,
        0,
        0,
        0,
        0
      ],
      "/Users/taonhu/Project/Study/coderschool/CoderTicket/app/helpers/tickets_helper.rb": [
        0,
        0
      ],
      "/Users/taonhu/Project/Study/coderschool/CoderTicket/app/models/region.rb": [
        0,
        0,
        0,
        0
      ],
      "/Users/taonhu/Project/Study/coderschool/CoderTicket/app/models/ticket_type.rb": [
        0,
        0,
        0
      ]
    },
    "timestamp": 1477551046
  }
}
